<?xml version="1.0" encoding="UTF-8"?>
<testsuite name="demo.springcloud.eurekaserver.EurekaServerApplicationTests" tests="3" skipped="0" failures="0" errors="0" timestamp="2019-12-25T16:32:08" hostname="Gene.local" time="0.774">
  <properties/>
  <testcase name="catalogLoads" classname="demo.springcloud.eurekaserver.EurekaServerApplicationTests" time="0.584"/>
  <testcase name="healthy" classname="demo.springcloud.eurekaserver.EurekaServerApplicationTests" time="0.162"/>
  <testcase name="contextLoads" classname="demo.springcloud.eurekaserver.EurekaServerApplicationTests" time="0.005"/>
  <system-out><![CDATA[00:31:56.883 [Test worker] DEBUG org.springframework.test.context.junit4.SpringJUnit4ClassRunner - SpringJUnit4ClassRunner constructor called with [class demo.springcloud.eurekaserver.EurekaServerApplicationTests]
00:31:56.894 [Test worker] DEBUG org.springframework.test.context.BootstrapUtils - Instantiating CacheAwareContextLoaderDelegate from class [org.springframework.test.context.cache.DefaultCacheAwareContextLoaderDelegate]
00:31:56.903 [Test worker] DEBUG org.springframework.test.context.BootstrapUtils - Instantiating BootstrapContext using constructor [public org.springframework.test.context.support.DefaultBootstrapContext(java.lang.Class,org.springframework.test.context.CacheAwareContextLoaderDelegate)]
00:31:56.923 [Test worker] DEBUG org.springframework.test.context.BootstrapUtils - Instantiating TestContextBootstrapper for test class [demo.springcloud.eurekaserver.EurekaServerApplicationTests] from class [org.springframework.boot.test.context.SpringBootTestContextBootstrapper]
00:31:56.935 [Test worker] INFO org.springframework.boot.test.context.SpringBootTestContextBootstrapper - Neither @ContextConfiguration nor @ContextHierarchy found for test class [demo.springcloud.eurekaserver.EurekaServerApplicationTests], using SpringBootContextLoader
00:31:56.938 [Test worker] DEBUG org.springframework.test.context.support.AbstractContextLoader - Did not detect default resource location for test class [demo.springcloud.eurekaserver.EurekaServerApplicationTests]: class path resource [demo/springcloud/eurekaserver/EurekaServerApplicationTests-context.xml] does not exist
00:31:56.939 [Test worker] DEBUG org.springframework.test.context.support.AbstractContextLoader - Did not detect default resource location for test class [demo.springcloud.eurekaserver.EurekaServerApplicationTests]: class path resource [demo/springcloud/eurekaserver/EurekaServerApplicationTestsContext.groovy] does not exist
00:31:56.939 [Test worker] INFO org.springframework.test.context.support.AbstractContextLoader - Could not detect default resource locations for test class [demo.springcloud.eurekaserver.EurekaServerApplicationTests]: no resource found for suffixes {-context.xml, Context.groovy}.
00:31:56.940 [Test worker] INFO org.springframework.test.context.support.AnnotationConfigContextLoaderUtils - Could not detect default configuration classes for test class [demo.springcloud.eurekaserver.EurekaServerApplicationTests]: EurekaServerApplicationTests does not declare any static, non-private, non-final, nested classes annotated with @Configuration.
00:31:56.992 [Test worker] DEBUG org.springframework.test.context.support.ActiveProfilesUtils - Could not find an 'annotation declaring class' for annotation type [org.springframework.test.context.ActiveProfiles] and class [demo.springcloud.eurekaserver.EurekaServerApplicationTests]
00:31:57.074 [Test worker] DEBUG org.springframework.context.annotation.ClassPathScanningCandidateComponentProvider - Identified candidate component class: file [/Users/kuoyu-chiung/code/java/microservices/aepa/eureka-server/build/classes/java/main/demo/springcloud/eurekaserver/EurekaServerApplication.class]
00:31:57.076 [Test worker] INFO org.springframework.boot.test.context.SpringBootTestContextBootstrapper - Found @SpringBootConfiguration demo.springcloud.eurekaserver.EurekaServerApplication for test class demo.springcloud.eurekaserver.EurekaServerApplicationTests
00:31:57.211 [Test worker] DEBUG org.springframework.boot.test.context.SpringBootTestContextBootstrapper - @TestExecutionListeners is not present for class [demo.springcloud.eurekaserver.EurekaServerApplicationTests]: using defaults.
00:31:57.212 [Test worker] INFO org.springframework.boot.test.context.SpringBootTestContextBootstrapper - Loaded default TestExecutionListener class names from location [META-INF/spring.factories]: [org.springframework.boot.test.autoconfigure.restdocs.RestDocsTestExecutionListener, org.springframework.boot.test.autoconfigure.web.client.MockRestServiceServerResetTestExecutionListener, org.springframework.boot.test.autoconfigure.web.servlet.MockMvcPrintOnlyOnFailureTestExecutionListener, org.springframework.boot.test.autoconfigure.web.servlet.WebDriverTestExecutionListener, org.springframework.boot.test.mock.mockito.MockitoTestExecutionListener, org.springframework.boot.test.mock.mockito.ResetMocksTestExecutionListener, org.springframework.test.context.web.ServletTestExecutionListener, org.springframework.test.context.support.DirtiesContextBeforeModesTestExecutionListener, org.springframework.test.context.support.DependencyInjectionTestExecutionListener, org.springframework.test.context.support.DirtiesContextTestExecutionListener, org.springframework.test.context.transaction.TransactionalTestExecutionListener, org.springframework.test.context.jdbc.SqlScriptsTestExecutionListener]
00:31:57.224 [Test worker] DEBUG org.springframework.boot.test.context.SpringBootTestContextBootstrapper - Skipping candidate TestExecutionListener [org.springframework.test.context.transaction.TransactionalTestExecutionListener] due to a missing dependency. Specify custom listener classes or make the default listener classes and their required dependencies available. Offending class: [org/springframework/transaction/interceptor/TransactionAttributeSource]
00:31:57.225 [Test worker] DEBUG org.springframework.boot.test.context.SpringBootTestContextBootstrapper - Skipping candidate TestExecutionListener [org.springframework.test.context.jdbc.SqlScriptsTestExecutionListener] due to a missing dependency. Specify custom listener classes or make the default listener classes and their required dependencies available. Offending class: [org/springframework/transaction/interceptor/TransactionAttribute]
00:31:57.225 [Test worker] INFO org.springframework.boot.test.context.SpringBootTestContextBootstrapper - Using TestExecutionListeners: [org.springframework.test.context.web.ServletTestExecutionListener@57b0d764, org.springframework.test.context.support.DirtiesContextBeforeModesTestExecutionListener@5c1e5b65, org.springframework.boot.test.mock.mockito.MockitoTestExecutionListener@211fbbf0, org.springframework.boot.test.autoconfigure.SpringBootDependencyInjectionTestExecutionListener@74c43dd1, org.springframework.test.context.support.DirtiesContextTestExecutionListener@259ecfda, org.springframework.boot.test.autoconfigure.restdocs.RestDocsTestExecutionListener@b757d7f, org.springframework.boot.test.autoconfigure.web.client.MockRestServiceServerResetTestExecutionListener@57e987da, org.springframework.boot.test.autoconfigure.web.servlet.MockMvcPrintOnlyOnFailureTestExecutionListener@2961243, org.springframework.boot.test.autoconfigure.web.servlet.WebDriverTestExecutionListener@51a5edd4, org.springframework.boot.test.mock.mockito.ResetMocksTestExecutionListener@719bec1a]
00:31:57.228 [Test worker] DEBUG org.springframework.test.annotation.ProfileValueUtils - Retrieved @ProfileValueSourceConfiguration [null] for test class [demo.springcloud.eurekaserver.EurekaServerApplicationTests]
00:31:57.229 [Test worker] DEBUG org.springframework.test.annotation.ProfileValueUtils - Retrieved ProfileValueSource type [class org.springframework.test.annotation.SystemProfileValueSource] for class [demo.springcloud.eurekaserver.EurekaServerApplicationTests]
00:31:57.230 [Test worker] DEBUG org.springframework.test.annotation.ProfileValueUtils - Retrieved @ProfileValueSourceConfiguration [null] for test class [demo.springcloud.eurekaserver.EurekaServerApplicationTests]
00:31:57.230 [Test worker] DEBUG org.springframework.test.annotation.ProfileValueUtils - Retrieved ProfileValueSource type [class org.springframework.test.annotation.SystemProfileValueSource] for class [demo.springcloud.eurekaserver.EurekaServerApplicationTests]
00:31:57.235 [Test worker] DEBUG org.springframework.test.context.support.AbstractDirtiesContextTestExecutionListener - Before test class: context [DefaultTestContext@9a91d8f testClass = EurekaServerApplicationTests, testInstance = [null], testMethod = [null], testException = [null], mergedContextConfiguration = [WebMergedContextConfiguration@57d89246 testClass = EurekaServerApplicationTests, locations = '{}', classes = '{class demo.springcloud.eurekaserver.EurekaServerApplication}', contextInitializerClasses = '[]', activeProfiles = '{}', propertySourceLocations = '{}', propertySourceProperties = '{org.springframework.boot.test.context.SpringBootTestContextBootstrapper=true, server.port=0}', contextCustomizers = set[org.springframework.boot.test.autoconfigure.properties.PropertyMappingContextCustomizer@0, org.springframework.boot.test.autoconfigure.web.servlet.WebDriverContextCustomizerFactory$Customizer@5310b913, org.springframework.boot.test.context.filter.ExcludeFilterContextCustomizer@a7dc39, org.springframework.boot.test.json.DuplicateJsonObjectContextCustomizerFactory$DuplicateJsonObjectContextCustomizer@64bfd99f, org.springframework.boot.test.mock.mockito.MockitoContextCustomizer@0, org.springframework.boot.test.web.client.TestRestTemplateContextCustomizer@5301caae], resourceBasePath = 'src/main/webapp', contextLoader = 'org.springframework.boot.test.context.SpringBootContextLoader', parent = [null]], attributes = map['org.springframework.test.context.web.ServletTestExecutionListener.activateListener' -> false]], class annotated with @DirtiesContext [false] with mode [null].
00:31:57.235 [Test worker] DEBUG org.springframework.test.annotation.ProfileValueUtils - Retrieved @ProfileValueSourceConfiguration [null] for test class [demo.springcloud.eurekaserver.EurekaServerApplicationTests]
00:31:57.236 [Test worker] DEBUG org.springframework.test.annotation.ProfileValueUtils - Retrieved ProfileValueSource type [class org.springframework.test.annotation.SystemProfileValueSource] for class [demo.springcloud.eurekaserver.EurekaServerApplicationTests]
00:31:57.240 [Test worker] DEBUG org.springframework.test.context.support.DependencyInjectionTestExecutionListener - Performing dependency injection for test context [[DefaultTestContext@9a91d8f testClass = EurekaServerApplicationTests, testInstance = demo.springcloud.eurekaserver.EurekaServerApplicationTests@13b4d65b, testMethod = [null], testException = [null], mergedContextConfiguration = [WebMergedContextConfiguration@57d89246 testClass = EurekaServerApplicationTests, locations = '{}', classes = '{class demo.springcloud.eurekaserver.EurekaServerApplication}', contextInitializerClasses = '[]', activeProfiles = '{}', propertySourceLocations = '{}', propertySourceProperties = '{org.springframework.boot.test.context.SpringBootTestContextBootstrapper=true, server.port=0}', contextCustomizers = set[org.springframework.boot.test.autoconfigure.properties.PropertyMappingContextCustomizer@0, org.springframework.boot.test.autoconfigure.web.servlet.WebDriverContextCustomizerFactory$Customizer@5310b913, org.springframework.boot.test.context.filter.ExcludeFilterContextCustomizer@a7dc39, org.springframework.boot.test.json.DuplicateJsonObjectContextCustomizerFactory$DuplicateJsonObjectContextCustomizer@64bfd99f, org.springframework.boot.test.mock.mockito.MockitoContextCustomizer@0, org.springframework.boot.test.web.client.TestRestTemplateContextCustomizer@5301caae], resourceBasePath = 'src/main/webapp', contextLoader = 'org.springframework.boot.test.context.SpringBootContextLoader', parent = [null]], attributes = map['org.springframework.test.context.web.ServletTestExecutionListener.activateListener' -> false]]].
00:31:57.266 [Test worker] DEBUG org.springframework.test.context.support.TestPropertySourceUtils - Adding inlined properties to environment: {spring.jmx.enabled=false, org.springframework.boot.test.context.SpringBootTestContextBootstrapper=true, server.port=0}
2019-12-26 00:31:58.238  INFO 95126 --- [    Test worker] trationDelegate$BeanPostProcessorChecker : Bean 'org.springframework.cloud.autoconfigure.ConfigurationPropertiesRebinderAutoConfiguration' of type [org.springframework.cloud.autoconfigure.ConfigurationPropertiesRebinderAutoConfiguration$$EnhancerBySpringCGLIB$$278491c] is not eligible for getting processed by all BeanPostProcessors (for example: not eligible for auto-proxying)

  .   ____          _            __ _ _
 /\\ / ___'_ __ _ _(_)_ __  __ _ \ \ \ \
( ( )\___ | '_ | '_| | '_ \/ _` | \ \ \ \
 \\/  ___)| |_)| | | | | || (_| |  ) ) ) )
  '  |____| .__|_| |_|_| |_\__, | / / / /
 =========|_|==============|___/=/_/_/_/
 :: Spring Boot ::        (v2.1.3.RELEASE)

2019-12-26 00:31:58.804  INFO 95126 --- [    Test worker] d.s.e.EurekaServerApplicationTests       : No active profile set, falling back to default profiles: default
2019-12-26 00:32:00.070  WARN 95126 --- [    Test worker] o.s.boot.actuate.endpoint.EndpointId     : Endpoint ID 'service-registry' contains invalid characters, please migrate to a valid format.
2019-12-26 00:32:00.675  INFO 95126 --- [    Test worker] o.s.cloud.context.scope.GenericScope     : BeanFactory id=66795480-0ae5-30fb-85b0-8f5741642ffd
2019-12-26 00:32:00.904  INFO 95126 --- [    Test worker] trationDelegate$BeanPostProcessorChecker : Bean 'org.springframework.cloud.autoconfigure.ConfigurationPropertiesRebinderAutoConfiguration' of type [org.springframework.cloud.autoconfigure.ConfigurationPropertiesRebinderAutoConfiguration$$EnhancerBySpringCGLIB$$278491c] is not eligible for getting processed by all BeanPostProcessors (for example: not eligible for auto-proxying)
2019-12-26 00:32:01.644  INFO 95126 --- [    Test worker] o.s.b.w.embedded.tomcat.TomcatWebServer  : Tomcat initialized with port(s): 0 (http)
2019-12-26 00:32:01.697  INFO 95126 --- [    Test worker] o.apache.catalina.core.StandardService   : Starting service [Tomcat]
2019-12-26 00:32:01.698  INFO 95126 --- [    Test worker] org.apache.catalina.core.StandardEngine  : Starting Servlet engine: [Apache Tomcat/9.0.16]
2019-12-26 00:32:01.713  INFO 95126 --- [    Test worker] o.a.catalina.core.AprLifecycleListener   : The APR based Apache Tomcat Native library which allows optimal performance in production environments was not found on the java.library.path: [/Users/kuoyu-chiung/Library/Java/Extensions:/Library/Java/Extensions:/Network/Library/Java/Extensions:/System/Library/Java/Extensions:/usr/lib/java:.]
2019-12-26 00:32:01.893  INFO 95126 --- [    Test worker] o.a.c.c.C.[Tomcat].[localhost].[/]       : Initializing Spring embedded WebApplicationContext
2019-12-26 00:32:01.893  INFO 95126 --- [    Test worker] o.s.web.context.ContextLoader            : Root WebApplicationContext: initialization completed in 3084 ms
2019-12-26 00:32:02.215  WARN 95126 --- [    Test worker] c.n.c.sources.URLConfigurationSource     : No URLs will be polled as dynamic configuration sources.
2019-12-26 00:32:02.216  INFO 95126 --- [    Test worker] c.n.c.sources.URLConfigurationSource     : To enable URLs as dynamic configuration sources, define System property archaius.configurationSource.additionalUrls or make config.properties available on classpath.
2019-12-26 00:32:02.238  INFO 95126 --- [    Test worker] c.netflix.config.DynamicPropertyFactory  : DynamicPropertyFactory is initialized with configuration sources: com.netflix.config.ConcurrentCompositeConfiguration@31205d6
2019-12-26 00:32:04.016  INFO 95126 --- [    Test worker] c.s.j.s.i.a.WebApplicationImpl           : Initiating Jersey application, version 'Jersey: 1.19.1 03/11/2016 02:08 PM'
2019-12-26 00:32:04.122  INFO 95126 --- [    Test worker] c.n.d.provider.DiscoveryJerseyProvider   : Using JSON encoding codec LegacyJacksonJson
2019-12-26 00:32:04.124  INFO 95126 --- [    Test worker] c.n.d.provider.DiscoveryJerseyProvider   : Using JSON decoding codec LegacyJacksonJson
2019-12-26 00:32:04.367  INFO 95126 --- [    Test worker] c.n.d.provider.DiscoveryJerseyProvider   : Using XML encoding codec XStreamXml
2019-12-26 00:32:04.368  INFO 95126 --- [    Test worker] c.n.d.provider.DiscoveryJerseyProvider   : Using XML decoding codec XStreamXml
2019-12-26 00:32:05.116  WARN 95126 --- [    Test worker] o.s.c.n.a.ArchaiusAutoConfiguration      : No spring.application.name found, defaulting to 'application'
2019-12-26 00:32:05.117  WARN 95126 --- [    Test worker] c.n.c.sources.URLConfigurationSource     : No URLs will be polled as dynamic configuration sources.
2019-12-26 00:32:05.118  INFO 95126 --- [    Test worker] c.n.c.sources.URLConfigurationSource     : To enable URLs as dynamic configuration sources, define System property archaius.configurationSource.additionalUrls or make config.properties available on classpath.
2019-12-26 00:32:05.557  INFO 95126 --- [    Test worker] o.s.s.concurrent.ThreadPoolTaskExecutor  : Initializing ExecutorService 'applicationTaskExecutor'
2019-12-26 00:32:06.540  INFO 95126 --- [    Test worker] o.s.s.web.DefaultSecurityFilterChain     : Creating filter chain: any request, [org.springframework.security.web.context.request.async.WebAsyncManagerIntegrationFilter@694f5e4d, org.springframework.security.web.context.SecurityContextPersistenceFilter@5c2f28c, org.springframework.security.web.header.HeaderWriterFilter@58862889, org.springframework.security.web.authentication.logout.LogoutFilter@72fa0719, org.springframework.security.web.authentication.www.BasicAuthenticationFilter@5d7e6017, org.springframework.security.web.savedrequest.RequestCacheAwareFilter@6fe861cd, org.springframework.security.web.servletapi.SecurityContextHolderAwareRequestFilter@4b3d777e, org.springframework.security.web.authentication.AnonymousAuthenticationFilter@23a4fa88, org.springframework.security.web.session.SessionManagementFilter@395d7bf2, org.springframework.security.web.access.ExceptionTranslationFilter@188e643f, org.springframework.security.web.access.intercept.FilterSecurityInterceptor@68bcdd3]
2019-12-26 00:32:06.863  INFO 95126 --- [    Test worker] o.s.b.a.e.web.EndpointLinksResolver      : Exposing 19 endpoint(s) beneath base path '/actuator'
2019-12-26 00:32:07.367  INFO 95126 --- [    Test worker] o.s.c.n.eureka.InstanceInfoFactory       : Setting initial instance status as: STARTING
2019-12-26 00:32:07.427  INFO 95126 --- [    Test worker] com.netflix.discovery.DiscoveryClient    : Initializing Eureka in region us-east-1
2019-12-26 00:32:07.427  INFO 95126 --- [    Test worker] com.netflix.discovery.DiscoveryClient    : Client configured to neither register nor query for data.
2019-12-26 00:32:07.449  INFO 95126 --- [    Test worker] com.netflix.discovery.DiscoveryClient    : Discovery Client initialized at timestamp 1577291527444 with initial instances count: 0
2019-12-26 00:32:07.529  INFO 95126 --- [    Test worker] c.n.eureka.DefaultEurekaServerContext    : Initializing ...
2019-12-26 00:32:07.533  WARN 95126 --- [    Test worker] c.n.eureka.cluster.PeerEurekaNodes       : The replica size seems to be empty. Check the route 53 DNS Registry
2019-12-26 00:32:07.558  INFO 95126 --- [    Test worker] c.n.e.registry.AbstractInstanceRegistry  : Finished initializing remote region registries. All known remote regions: []
2019-12-26 00:32:07.560  INFO 95126 --- [    Test worker] c.n.eureka.DefaultEurekaServerContext    : Initialized
2019-12-26 00:32:08.156  INFO 95126 --- [      Thread-16] o.s.c.n.e.server.EurekaServerBootstrap   : Setting the eureka configuration..
2019-12-26 00:32:08.157  INFO 95126 --- [      Thread-16] o.s.c.n.e.server.EurekaServerBootstrap   : Eureka data center value eureka.datacenter is not set, defaulting to default
2019-12-26 00:32:08.158  INFO 95126 --- [      Thread-16] o.s.c.n.e.server.EurekaServerBootstrap   : Eureka environment value eureka.environment is not set, defaulting to test
2019-12-26 00:32:08.188  INFO 95126 --- [      Thread-16] o.s.c.n.e.server.EurekaServerBootstrap   : isAws returned false
2019-12-26 00:32:08.188  INFO 95126 --- [      Thread-16] o.s.c.n.e.server.EurekaServerBootstrap   : Initialized server context
2019-12-26 00:32:08.189  INFO 95126 --- [      Thread-16] c.n.e.r.PeerAwareInstanceRegistryImpl    : Got 1 instances from neighboring DS node
2019-12-26 00:32:08.189  INFO 95126 --- [      Thread-16] c.n.e.r.PeerAwareInstanceRegistryImpl    : Renew threshold is: 1
2019-12-26 00:32:08.189  INFO 95126 --- [      Thread-16] c.n.e.r.PeerAwareInstanceRegistryImpl    : Changing status to UP
2019-12-26 00:32:08.206  INFO 95126 --- [      Thread-16] e.s.EurekaServerInitializerConfiguration : Started Eureka Server
2019-12-26 00:32:08.231  INFO 95126 --- [    Test worker] o.s.b.w.embedded.tomcat.TomcatWebServer  : Tomcat started on port(s): 53762 (http) with context path ''
2019-12-26 00:32:08.233  INFO 95126 --- [    Test worker] .s.c.n.e.s.EurekaAutoServiceRegistration : Updating port to 53762
2019-12-26 00:32:08.235  INFO 95126 --- [    Test worker] o.s.c.n.e.s.EurekaServiceRegistry        : Registering application UNKNOWN with eureka with status UP
2019-12-26 00:32:08.243  INFO 95126 --- [    Test worker] d.s.e.EurekaServerApplicationTests       : Started EurekaServerApplicationTests in 10.971 seconds (JVM running for 12.15)
2019-12-26 00:32:08.645  INFO 95126 --- [o-auto-1-exec-1] o.a.c.c.C.[Tomcat].[localhost].[/]       : Initializing Spring DispatcherServlet 'dispatcherServlet'
2019-12-26 00:32:08.645  INFO 95126 --- [o-auto-1-exec-1] o.s.web.servlet.DispatcherServlet        : Initializing Servlet 'dispatcherServlet'
2019-12-26 00:32:08.678  INFO 95126 --- [o-auto-1-exec-1] o.s.web.servlet.DispatcherServlet        : Completed initialization in 33 ms
]]></system-out>
  <system-err><![CDATA[]]></system-err>
</testsuite>
